### Custom WaveView ADV log file, revision U-2023.03-SP2 (build Aug 24, ) ###
### created at 00:15:20 on Thu Mar 14 2024 (Linux AMD64) ###
### Host Name: redhat003   User ID: Aguilar_Ramirez_I_2024_vlsi   PID: 170282   ###
wv_start_log
# (0) running in waveview only mode
# (0) SW_SX_PERL_LIB defined
# (0) SW_SX_TCL_LIB defined
# (0) HOME defined
sx_open_sim_file_read {inversor.tr0}
wv_expand_tree_item {Custom WaveView} {} {hierview} {D0:inversor.tr0(0)} {+sep=@}
wv_select_tree_item {Custom WaveView} {} {hierview} {D0:inversor.tr0(0)@toplevel(0)} {0} {+sep=@}
wv_drag_tree_item {Custom WaveView} {} {hierview} {D0:inversor.tr0(0)@toplevel(0)} {+sep=@}
wv_select_tree_item {Custom WaveView} {} {hierview} {D0:inversor.tr0(0)@toplevel(0)} {0} {+sep=@}
wv_drag_enter WV1
wv_drop_on WV1
wv_select_waveview 1 {waveview 1}
wv_select_panel WV1.PANEL1:1 2.10283e-09 1.57041
wv_select_panel WV1.PANEL1:1 2.10283e-09 1.57041 btnup
wv_select_waveview 1 {waveview 1}
wv_select_wv_item WV1.LEGEND.WIDTH
wv_drag_item_to WV1 79 232
wv_move_wv_item WV1.PANEL1:1.LEGEND.WIDTH 199
